TN:
SF:/workspace/module_driver.c
FN:115,178,module_driver_ut_probe_default_io
FN:183,188,module_driver_init
FN:190,196,module_enable
FN:198,204,module_disable
FN:206,210,module_is_enabled
FN:212,218,module_soft_reset
FN:220,244,module_get_state
FN:246,250,module_fifo_is_empty
FN:252,256,module_fifo_is_full
FN:258,262,module_has_error
FN:264,268,module_get_err_code
FN:30,33,module_driver_set_mmio_mirror
FN:38,42,module_driver_register_io
FN:50,55,default_reg_index
FN:60,71,default_reg_read
FN:73,88,default_reg_write
FN:93,96,hw_read
FN:98,101,hw_write
FNDA:2,module_driver_ut_probe_default_io
FNDA:16,module_driver_init
FNDA:8,module_enable
FNDA:7,module_disable
FNDA:11,module_is_enabled
FNDA:6,module_soft_reset
FNDA:9,module_get_state
FNDA:5,module_fifo_is_empty
FNDA:5,module_fifo_is_full
FNDA:4,module_has_error
FNDA:3,module_get_err_code
FNDA:15,module_driver_set_mmio_mirror
FNDA:15,module_driver_register_io
FNDA:61,default_reg_index
FNDA:35,default_reg_read
FNDA:26,default_reg_write
FNDA:58,hw_read
FNDA:34,hw_write
FNF:18
FNH:18
BRDA:52,0,0,43
BRDA:52,0,1,18
BRDA:53,0,0,12
BRDA:53,0,1,6
BRDA:64,0,0,31
BRDA:64,0,1,4
BRDA:65,0,0,1
BRDA:65,0,1,30
BRDA:69,0,0,2
BRDA:69,0,1,2
BRDA:77,0,0,22
BRDA:77,0,1,4
BRDA:78,0,0,1
BRDA:78,0,1,21
BRDA:79,0,0,20
BRDA:79,0,1,1
BRDA:83,0,0,2
BRDA:83,0,1,2
BRDA:84,0,0,1
BRDA:84,0,1,1
BRDA:95,0,0,30
BRDA:95,0,1,28
BRDA:100,0,0,15
BRDA:100,0,1,19
BRDA:124,0,0,1
BRDA:124,0,1,1
BRDA:193,0,0,1
BRDA:193,0,1,7
BRDA:201,0,0,1
BRDA:201,0,1,6
BRDA:215,0,0,1
BRDA:215,0,1,5
BRDA:235,0,0,1
BRDA:235,0,1,8
BRDA:237,0,0,3
BRDA:237,0,1,1
BRDA:237,0,2,1
BRDA:237,0,3,3
BRDA:237,0,4,1
BRF:39
BRH:39
DA:30,15
DA:32,15
DA:33,15
DA:38,15
DA:40,15
DA:41,15
DA:42,15
DA:50,61
DA:52,61
DA:53,18
DA:54,6
DA:60,35
DA:62,35
DA:64,35
DA:65,31
DA:66,30
DA:69,4
DA:70,2
DA:73,26
DA:75,26
DA:77,26
DA:78,22
DA:79,21
DA:80,21
DA:83,4
DA:84,2
DA:85,1
DA:93,58
DA:95,58
DA:98,34
DA:100,34
DA:101,34
DA:115,2
DA:117,2
DA:118,2
DA:119,2
DA:121,2
DA:122,2
DA:124,2
DA:134,1
DA:135,1
DA:137,1
DA:138,1
DA:139,1
DA:141,1
DA:142,1
DA:143,1
DA:154,1
DA:157,1
DA:158,1
DA:159,1
DA:160,1
DA:169,1
DA:170,1
DA:171,1
DA:172,1
DA:175,2
DA:176,2
DA:177,2
DA:178,2
DA:183,16
DA:185,16
DA:188,16
DA:190,8
DA:192,8
DA:193,8
DA:194,7
DA:195,7
DA:198,7
DA:200,7
DA:201,7
DA:202,6
DA:203,6
DA:206,11
DA:208,11
DA:209,11
DA:212,6
DA:214,6
DA:215,6
DA:216,5
DA:217,5
DA:220,9
DA:222,9
DA:223,9
DA:235,9
DA:237,9
DA:238,3
DA:239,1
DA:240,1
DA:241,3
DA:242,1
DA:246,5
DA:248,5
DA:249,5
DA:252,5
DA:254,5
DA:255,5
DA:258,4
DA:260,4
DA:261,4
DA:264,3
DA:266,3
DA:267,3
LF:103
LH:103
end_of_record
TN:
SF:/workspace/test_module_driver.c
FN:106,111,reg_index
FN:113,118,sim_reg_read
FN:120,126,sim_reg_write
FN:128,136,sim_reset
FN:144,151,mirror_reset
FN:170,176,sim_hook_bad_read
FN:177,180,sim_hook_noop_write
FN:187,197,test_init_reset_values
FN:200,216,test_enable_disable
FN:219,228,test_soft_reset
FN:231,244,test_module_state_read
FN:247,260,test_fifo_flags
FN:263,276,test_error_flag_and_code
FN:279,291,test_status_reg_never_written
FN:297,314,test_default_io_mirror_mode
FN:317,345,test_default_io_mirror_status_ro
FN:33,57,ut_map_mmio_page
FN:349,399,test_bad_addr_paths_and_all_ones_ctrl
FN:411,425,test_default_io_probe_all_branches
FN:427,509,test_default_io_mirror_illegal_addr_path
FN:514,533,main
FN:59,69,ut_unmap_mmio_page
FNDA:43,reg_index
FNDA:28,sim_reg_read
FNDA:15,sim_reg_write
FNDA:7,sim_reset
FNDA:7,mirror_reset
FNDA:2,sim_hook_bad_read
FNDA:0,sim_hook_noop_write
FNDA:1,test_init_reset_values
FNDA:1,test_enable_disable
FNDA:1,test_soft_reset
FNDA:1,test_module_state_read
FNDA:1,test_fifo_flags
FNDA:1,test_error_flag_and_code
FNDA:1,test_status_reg_never_written
FNDA:1,test_default_io_mirror_mode
FNDA:1,test_default_io_mirror_status_ro
FNDA:1,ut_map_mmio_page
FNDA:1,test_bad_addr_paths_and_all_ones_ctrl
FNDA:1,test_default_io_probe_all_branches
FNDA:1,test_default_io_mirror_illegal_addr_path
FNDA:1,main
FNDA:1,ut_unmap_mmio_page
FNF:22
FNH:21
BRDA:37,0,0,0
BRDA:37,0,1,1
BRDA:47,0,0,0
BRDA:47,0,1,1
BRDA:62,0,0,1
BRDA:62,0,1,0
BRDA:108,0,0,26
BRDA:108,0,1,17
BRDA:109,0,0,17
BRDA:109,0,1,0
BRDA:116,0,0,0
BRDA:116,0,1,28
BRDA:123,0,0,0
BRDA:123,0,1,15
BRDA:124,0,0,0
BRDA:124,0,1,15
BRDA:174,0,0,2
BRDA:174,0,1,0
BRDA:190,0,0,1
BRDA:190,0,1,0
BRDA:191,0,0,1
BRDA:191,0,1,0
BRDA:192,0,0,1
BRDA:192,0,1,0
BRDA:193,0,0,1
BRDA:193,0,1,0
BRDA:194,0,0,1
BRDA:194,0,1,0
BRDA:195,0,0,1
BRDA:195,0,1,0
BRDA:196,0,0,1
BRDA:196,0,1,0
BRDA:208,0,0,1
BRDA:208,0,1,0
BRDA:209,0,0,1
BRDA:209,0,1,0
BRDA:213,0,0,1
BRDA:213,0,1,0
BRDA:214,0,0,1
BRDA:214,0,1,0
BRDA:226,0,0,1
BRDA:226,0,1,0
BRDA:227,0,0,1
BRDA:227,0,1,0
BRDA:239,0,0,4
BRDA:239,0,1,1
BRDA:242,0,0,4
BRDA:242,0,1,0
BRDA:251,0,0,1
BRDA:251,0,1,0
BRDA:252,0,0,1
BRDA:252,0,1,0
BRDA:255,0,0,1
BRDA:255,0,1,0
BRDA:256,0,0,1
BRDA:256,0,1,0
BRDA:259,0,0,1
BRDA:259,0,1,0
BRDA:267,0,0,1
BRDA:267,0,1,0
BRDA:268,0,0,1
BRDA:268,0,1,0
BRDA:274,0,0,1
BRDA:274,0,1,0
BRDA:275,0,0,1
BRDA:275,0,1,0
BRDA:289,0,0,1
BRDA:289,0,1,0
BRDA:290,0,0,1
BRDA:290,0,1,0
BRDA:300,0,0,1
BRDA:300,0,1,0
BRDA:301,0,0,1
BRDA:301,0,1,0
BRDA:304,0,0,1
BRDA:304,0,1,0
BRDA:308,0,0,1
BRDA:308,0,1,0
BRDA:312,0,0,1
BRDA:312,0,1,0
BRDA:335,0,0,1
BRDA:335,0,1,0
BRDA:363,0,0,1
BRDA:363,0,1,0
BRDA:364,0,0,1
BRDA:364,0,1,0
BRDA:380,0,0,1
BRDA:380,0,1,0
BRDA:420,0,0,1
BRDA:420,0,1,0
BRDA:450,0,0,1
BRDA:450,0,1,0
BRDA:451,0,0,1
BRDA:451,0,1,0
BRDA:452,0,0,1
BRDA:452,0,1,0
BRDA:453,0,0,1
BRDA:453,0,1,0
BRDA:454,0,0,1
BRDA:454,0,1,0
BRDA:458,0,0,1
BRDA:458,0,1,0
BRDA:460,0,0,1
BRDA:460,0,1,0
BRDA:462,0,0,1
BRDA:462,0,1,0
BRDA:470,0,0,1
BRDA:470,0,1,0
BRDA:472,0,0,1
BRDA:472,0,1,0
BRDA:476,0,0,1
BRDA:476,0,1,0
BRDA:478,0,0,1
BRDA:478,0,1,0
BRDA:483,0,0,1
BRDA:483,0,1,0
BRDA:492,0,0,1
BRDA:492,0,1,0
BRDA:496,0,0,1
BRDA:496,0,1,0
BRF:120
BRH:62
DA:33,1
DA:36,1
DA:37,1
DA:38,1
DA:42,1
DA:47,1
DA:48,0
DA:49,0
DA:52,1
DA:53,1
DA:59,1
DA:62,1
DA:63,1
DA:64,1
DA:69,1
DA:106,43
DA:108,43
DA:109,17
DA:110,0
DA:113,28
DA:115,28
DA:116,28
DA:117,28
DA:120,15
DA:122,15
DA:123,15
DA:124,15
DA:125,15
DA:128,7
DA:130,7
DA:131,7
DA:132,7
DA:133,7
DA:134,7
DA:135,7
DA:136,7
DA:144,7
DA:146,7
DA:147,7
DA:148,7
DA:149,7
DA:150,7
DA:151,7
DA:170,2
DA:173,2
DA:174,2
DA:175,0
DA:177,0
DA:180,0
DA:187,1
DA:189,1
DA:190,1
DA:191,1
DA:192,1
DA:193,1
DA:194,1
DA:195,1
DA:196,1
DA:197,1
DA:200,1
DA:202,1
DA:205,1
DA:207,1
DA:208,1
DA:209,1
DA:212,1
DA:213,1
DA:214,1
DA:216,1
DA:219,1
DA:221,1
DA:222,1
DA:223,1
DA:225,1
DA:226,1
DA:227,1
DA:228,1
DA:231,1
DA:233,1
DA:235,1
DA:239,5
DA:240,4
DA:241,4
DA:242,4
DA:244,1
DA:247,1
DA:249,1
DA:251,1
DA:252,1
DA:254,1
DA:255,1
DA:256,1
DA:258,1
DA:259,1
DA:260,1
DA:263,1
DA:265,1
DA:267,1
DA:268,1
DA:270,1
DA:271,1
DA:272,1
DA:274,1
DA:275,1
DA:276,1
DA:279,1
DA:281,1
DA:282,1
DA:284,1
DA:285,1
DA:286,1
DA:287,1
DA:289,1
DA:290,1
DA:291,1
DA:297,1
DA:299,1
DA:300,1
DA:301,1
DA:303,1
DA:304,1
DA:307,1
DA:308,1
DA:311,1
DA:312,1
DA:314,1
DA:317,1
DA:319,1
DA:330,1
DA:331,1
DA:332,1
DA:333,1
DA:334,1
DA:335,1
DA:345,1
DA:349,1
DA:354,1
DA:355,1
DA:356,1
DA:358,1
DA:359,1
DA:363,1
DA:364,1
DA:375,1
DA:379,1
DA:380,1
DA:399,1
DA:411,1
DA:414,1
DA:419,1
DA:420,1
DA:421,1
DA:422,1
DA:424,1
DA:425,1
DA:427,1
DA:448,1
DA:449,1
DA:450,1
DA:451,1
DA:452,1
DA:453,1
DA:454,1
DA:457,1
DA:458,1
DA:459,1
DA:460,1
DA:461,1
DA:462,1
DA:468,1
DA:469,1
DA:470,1
DA:471,1
DA:472,1
DA:475,1
DA:476,1
DA:477,1
DA:478,1
DA:481,1
DA:482,1
DA:483,1
DA:490,1
DA:491,1
DA:492,1
DA:495,1
DA:496,1
DA:509,1
DA:514,1
DA:516,1
DA:518,1
DA:519,1
DA:520,1
DA:521,1
DA:522,1
DA:523,1
DA:524,1
DA:525,1
DA:526,1
DA:527,1
DA:528,1
DA:529,1
DA:531,1
DA:532,1
LF:203
LH:197
end_of_record
