TN:
SF:/workspace/intc_driver.c
FN:102,105,hw_read
FN:107,110,hw_write
FN:123,181,intc_driver_ut_probe_default_io
FN:186,197,intc_driver_init
FN:200,206,intc_global_enable
FN:208,214,intc_global_disable
FN:216,220,intc_is_global_enabled
FN:222,228,intc_soft_reset
FN:231,234,intc_set_local_socket
FN:236,239,intc_get_local_socket
FN:241,247,intc_check_access
FN:249,256,intc_get_access_state
FN:258,268,intc_claim_socket
FN:270,276,intc_local_access_enable
FN:278,284,intc_local_access_disable
FN:286,290,intc_is_local_access_enabled
FN:293,300,intc_irq_enable
FN:302,309,intc_irq_disable
FN:311,318,intc_irq_mask
FN:320,327,intc_irq_unmask
FN:329,332,intc_irq_get_enable
FN:334,337,intc_irq_get_mask
FN:340,348,intc_irq_set_trigger
FN:350,358,intc_irq_set_polarity
FN:360,363,intc_irq_get_trigger
FN:365,368,intc_irq_get_polarity
FN:371,378,intc_irq_ack
FN:380,383,intc_irq_get_raw
FN:385,388,intc_irq_get_pending
FN:390,393,intc_get_socket_status
FN:50,53,intc_driver_set_mmio_mirror
FN:58,62,intc_driver_register_io
FN:69,77,default_reg_index
FN:82,88,default_reg_read
FN:90,97,default_reg_write
FNDA:118,hw_read
FNDA:46,hw_write
FNDA:2,intc_driver_ut_probe_default_io
FNDA:2,intc_driver_init
FNDA:6,intc_global_enable
FNDA:4,intc_global_disable
FNDA:6,intc_is_global_enabled
FNDA:4,intc_soft_reset
FNDA:22,intc_set_local_socket
FNDA:1,intc_get_local_socket
FNDA:28,intc_check_access
FNDA:4,intc_get_access_state
FNDA:3,intc_claim_socket
FNDA:2,intc_local_access_enable
FNDA:2,intc_local_access_disable
FNDA:3,intc_is_local_access_enabled
FNDA:5,intc_irq_enable
FNDA:3,intc_irq_disable
FNDA:2,intc_irq_mask
FNDA:3,intc_irq_unmask
FNDA:6,intc_irq_get_enable
FNDA:5,intc_irq_get_mask
FNDA:5,intc_irq_set_trigger
FNDA:3,intc_irq_set_polarity
FNDA:4,intc_irq_get_trigger
FNDA:3,intc_irq_get_polarity
FNDA:3,intc_irq_ack
FNDA:2,intc_irq_get_raw
FNDA:2,intc_irq_get_pending
FNDA:2,intc_get_socket_status
FNDA:12,intc_driver_set_mmio_mirror
FNDA:12,intc_driver_register_io
FNDA:38,default_reg_index
FNDA:23,default_reg_read
FNDA:15,default_reg_write
FNF:35
FNH:35
BRDA:71,0,0,4
BRDA:71,0,1,34
BRDA:73,0,0,4
BRDA:73,0,1,30
BRDA:75,0,0,4
BRDA:75,0,1,26
BRDA:85,0,0,6
BRDA:85,0,1,17
BRDA:86,0,0,15
BRDA:86,0,1,2
BRDA:93,0,0,6
BRDA:93,0,1,9
BRDA:94,0,0,2
BRDA:94,0,1,7
BRDA:95,0,0,6
BRDA:95,0,1,1
BRDA:104,0,0,105
BRDA:104,0,1,13
BRDA:109,0,0,41
BRDA:109,0,1,5
BRDA:140,0,0,1
BRDA:140,0,1,1
BRDA:143,0,0,10
BRDA:143,0,1,1
BRDA:203,0,0,1
BRDA:203,0,1,5
BRDA:211,0,0,1
BRDA:211,0,1,3
BRDA:225,0,0,1
BRDA:225,0,1,3
BRDA:244,0,0,17
BRDA:244,0,1,11
BRDA:252,0,0,2
BRDA:252,0,1,2
BRDA:254,0,0,1
BRDA:254,0,1,1
BRDA:262,0,0,2
BRDA:262,0,1,1
BRDA:264,0,0,1
BRDA:264,0,1,1
BRDA:273,0,0,1
BRDA:273,0,1,1
BRDA:281,0,0,1
BRDA:281,0,1,1
BRDA:295,0,0,1
BRDA:295,0,1,4
BRDA:304,0,0,1
BRDA:304,0,1,2
BRDA:313,0,0,1
BRDA:313,0,1,1
BRDA:322,0,0,1
BRDA:322,0,1,2
BRDA:342,0,0,1
BRDA:342,0,1,4
BRDA:344,0,0,2
BRDA:344,0,1,2
BRDA:352,0,0,1
BRDA:352,0,1,2
BRDA:354,0,0,1
BRDA:354,0,1,1
BRDA:373,0,0,1
BRDA:373,0,1,2
BRF:62
BRH:62
DA:50,12
DA:52,12
DA:53,12
DA:58,12
DA:60,12
DA:61,12
DA:62,12
DA:69,38
DA:71,38
DA:72,34
DA:73,34
DA:74,30
DA:75,30
DA:76,26
DA:82,23
DA:84,23
DA:85,23
DA:86,17
DA:87,2
DA:90,15
DA:92,15
DA:93,15
DA:94,9
DA:95,7
DA:96,1
DA:102,118
DA:104,118
DA:107,46
DA:109,46
DA:110,46
DA:123,2
DA:125,2
DA:126,2
DA:127,2
DA:129,2
DA:130,2
DA:134,2
DA:135,2
DA:136,2
DA:137,2
DA:138,2
DA:140,2
DA:143,11
DA:144,1
DA:146,1
DA:147,1
DA:148,1
DA:149,1
DA:150,1
DA:152,1
DA:153,1
DA:154,1
DA:155,1
DA:156,1
DA:163,1
DA:165,1
DA:166,1
DA:167,1
DA:168,1
DA:169,1
DA:171,1
DA:172,1
DA:173,1
DA:174,1
DA:175,1
DA:178,2
DA:179,2
DA:180,2
DA:181,2
DA:186,2
DA:189,2
DA:190,2
DA:191,2
DA:192,2
DA:193,2
DA:194,2
DA:195,2
DA:197,2
DA:200,6
DA:202,6
DA:203,6
DA:204,5
DA:205,5
DA:208,4
DA:210,4
DA:211,4
DA:212,3
DA:213,3
DA:216,6
DA:218,6
DA:219,6
DA:222,4
DA:224,4
DA:225,4
DA:226,3
DA:227,3
DA:231,22
DA:233,22
DA:234,22
DA:236,1
DA:238,1
DA:241,28
DA:243,28
DA:244,28
DA:245,11
DA:246,11
DA:249,4
DA:251,4
DA:252,4
DA:253,2
DA:254,2
DA:255,1
DA:258,3
DA:261,3
DA:262,3
DA:263,2
DA:264,2
DA:266,2
DA:267,2
DA:270,2
DA:272,2
DA:273,2
DA:274,1
DA:275,1
DA:278,2
DA:280,2
DA:281,2
DA:282,1
DA:283,1
DA:286,3
DA:288,3
DA:289,3
DA:293,5
DA:295,5
DA:296,4
DA:297,4
DA:298,4
DA:299,4
DA:302,3
DA:304,3
DA:305,2
DA:306,2
DA:307,2
DA:308,2
DA:311,2
DA:313,2
DA:314,1
DA:315,1
DA:316,1
DA:317,1
DA:320,3
DA:322,3
DA:323,2
DA:324,2
DA:325,2
DA:326,2
DA:329,6
DA:331,6
DA:334,5
DA:336,5
DA:340,5
DA:342,5
DA:343,4
DA:344,4
DA:345,2
DA:346,4
DA:347,4
DA:350,3
DA:352,3
DA:353,2
DA:354,2
DA:355,1
DA:356,2
DA:357,2
DA:360,4
DA:362,4
DA:365,3
DA:367,3
DA:371,3
DA:373,3
DA:374,2
DA:375,2
DA:376,2
DA:377,2
DA:380,2
DA:382,2
DA:385,2
DA:387,2
DA:390,2
DA:392,2
LF:190
LH:190
end_of_record
TN:
SF:/workspace/test_intc_driver.c
FN:110,115,sim_reg_read
FN:117,123,sim_reg_write
FN:125,141,sim_reset
FN:149,164,mirror_reset
FN:171,188,test_init_reset_values
FN:191,210,test_global_enable_disable
FN:213,224,test_soft_reset
FN:227,238,test_local_access_enable_disable
FN:241,259,test_check_access_and_state
FN:262,282,test_claim_socket
FN:285,308,test_irq_enable_disable_access
FN:31,50,ut_map_mmio_page
FN:311,326,test_irq_mask_unmask_access
FN:329,352,test_irq_trigger_polarity
FN:355,366,test_irq_ack_access
FN:369,392,test_default_io_mirror_mode
FN:395,405,test_default_io_probe_all_branches
FN:408,423,test_ro_write_protection_via_sim
FN:428,448,main
FN:52,62,ut_unmap_mmio_page
FN:98,106,sim_idx
FNDA:106,sim_reg_read
FNDA:42,sim_reg_write
FNDA:11,sim_reset
FNDA:1,mirror_reset
FNDA:1,test_init_reset_values
FNDA:1,test_global_enable_disable
FNDA:1,test_soft_reset
FNDA:1,test_local_access_enable_disable
FNDA:1,test_check_access_and_state
FNDA:1,test_claim_socket
FNDA:1,test_irq_enable_disable_access
FNDA:1,ut_map_mmio_page
FNDA:1,test_irq_mask_unmask_access
FNDA:1,test_irq_trigger_polarity
FNDA:1,test_irq_ack_access
FNDA:1,test_default_io_mirror_mode
FNDA:1,test_default_io_probe_all_branches
FNDA:1,test_ro_write_protection_via_sim
FNDA:1,main
FNDA:1,ut_unmap_mmio_page
FNDA:148,sim_idx
FNF:21
FNH:21
BRDA:35,0,0,0
BRDA:35,0,1,1
BRDA:44,0,0,0
BRDA:44,0,1,1
BRDA:55,0,0,1
BRDA:55,0,1,0
BRDA:100,0,0,0
BRDA:100,0,1,148
BRDA:102,0,0,0
BRDA:102,0,1,148
BRDA:104,0,0,0
BRDA:104,0,1,148
BRDA:113,0,0,0
BRDA:113,0,1,106
BRDA:120,0,0,0
BRDA:120,0,1,42
BRDA:121,0,0,1
BRDA:121,0,1,41
BRDA:176,0,0,1
BRDA:176,0,1,0
BRDA:177,0,0,1
BRDA:177,0,1,0
BRDA:178,0,0,1
BRDA:178,0,1,0
BRDA:179,0,0,1
BRDA:179,0,1,0
BRDA:180,0,0,1
BRDA:180,0,1,0
BRDA:181,0,0,1
BRDA:181,0,1,0
BRDA:182,0,0,1
BRDA:182,0,1,0
BRDA:184,0,0,1
BRDA:184,0,1,0
BRDA:185,0,0,1
BRDA:185,0,1,0
BRDA:186,0,0,1
BRDA:186,0,1,0
BRDA:187,0,0,1
BRDA:187,0,1,0
BRDA:196,0,0,1
BRDA:196,0,1,0
BRDA:198,0,0,1
BRDA:198,0,1,0
BRDA:201,0,0,1
BRDA:201,0,1,0
BRDA:207,0,0,1
BRDA:207,0,1,0
BRDA:209,0,0,1
BRDA:209,0,1,0
BRDA:220,0,0,1
BRDA:220,0,1,0
BRDA:222,0,0,1
BRDA:222,0,1,0
BRDA:223,0,0,1
BRDA:223,0,1,0
BRDA:232,0,0,1
BRDA:232,0,1,0
BRDA:236,0,0,1
BRDA:236,0,1,0
BRDA:245,0,0,1
BRDA:245,0,1,0
BRDA:246,0,0,1
BRDA:246,0,1,0
BRDA:252,0,0,1
BRDA:252,0,1,0
BRDA:253,0,0,1
BRDA:253,0,1,0
BRDA:257,0,0,1
BRDA:257,0,1,0
BRDA:258,0,0,1
BRDA:258,0,1,0
BRDA:266,0,0,1
BRDA:266,0,1,0
BRDA:269,0,0,1
BRDA:269,0,1,0
BRDA:270,0,0,1
BRDA:270,0,1,0
BRDA:276,0,0,1
BRDA:276,0,1,0
BRDA:280,0,0,1
BRDA:280,0,1,0
BRDA:281,0,0,1
BRDA:281,0,1,0
BRDA:290,0,0,1
BRDA:290,0,1,0
BRDA:291,0,0,1
BRDA:291,0,1,0
BRDA:292,0,0,1
BRDA:292,0,1,0
BRDA:293,0,0,1
BRDA:293,0,1,0
BRDA:299,0,0,1
BRDA:299,0,1,0
BRDA:300,0,0,1
BRDA:300,0,1,0
BRDA:301,0,0,1
BRDA:301,0,1,0
BRDA:305,0,0,1
BRDA:305,0,1,0
BRDA:306,0,0,1
BRDA:306,0,1,0
BRDA:307,0,0,1
BRDA:307,0,1,0
BRDA:315,0,0,1
BRDA:315,0,1,0
BRDA:316,0,0,1
BRDA:316,0,1,0
BRDA:317,0,0,1
BRDA:317,0,1,0
BRDA:318,0,0,1
BRDA:318,0,1,0
BRDA:323,0,0,1
BRDA:323,0,1,0
BRDA:324,0,0,1
BRDA:324,0,1,0
BRDA:325,0,0,1
BRDA:325,0,1,0
BRDA:333,0,0,1
BRDA:333,0,1,0
BRDA:334,0,0,1
BRDA:334,0,1,0
BRDA:335,0,0,1
BRDA:335,0,1,0
BRDA:336,0,0,1
BRDA:336,0,1,0
BRDA:339,0,0,1
BRDA:339,0,1,0
BRDA:341,0,0,1
BRDA:341,0,1,0
BRDA:342,0,0,1
BRDA:342,0,1,0
BRDA:343,0,0,1
BRDA:343,0,1,0
BRDA:344,0,0,1
BRDA:344,0,1,0
BRDA:350,0,0,1
BRDA:350,0,1,0
BRDA:351,0,0,1
BRDA:351,0,1,0
BRDA:358,0,0,1
BRDA:358,0,1,0
BRDA:359,0,0,1
BRDA:359,0,1,0
BRDA:364,0,0,1
BRDA:364,0,1,0
BRDA:365,0,0,1
BRDA:365,0,1,0
BRDA:374,0,0,1
BRDA:374,0,1,0
BRDA:377,0,0,1
BRDA:377,0,1,0
BRDA:380,0,0,1
BRDA:380,0,1,0
BRDA:381,0,0,1
BRDA:381,0,1,0
BRDA:382,0,0,1
BRDA:382,0,1,0
BRDA:383,0,0,1
BRDA:383,0,1,0
BRDA:386,0,0,1
BRDA:386,0,1,0
BRDA:388,0,0,1
BRDA:388,0,1,0
BRDA:390,0,0,1
BRDA:390,0,1,0
BRDA:400,0,0,1
BRDA:400,0,1,0
BRDA:417,0,0,1
BRDA:417,0,1,0
BRDA:421,0,0,1
BRDA:421,0,1,0
BRDA:422,0,0,1
BRDA:422,0,1,0
BRF:174
BRH:88
DA:31,1
DA:34,1
DA:35,1
DA:36,1
DA:39,1
DA:44,1
DA:45,1
DA:46,1
DA:52,1
DA:55,1
DA:56,1
DA:57,1
DA:62,1
DA:98,148
DA:100,148
DA:101,148
DA:102,148
DA:103,148
DA:104,148
DA:105,148
DA:110,106
DA:112,106
DA:113,106
DA:114,106
DA:117,42
DA:119,42
DA:120,42
DA:121,42
DA:122,41
DA:125,11
DA:127,11
DA:128,11
DA:129,11
DA:130,11
DA:131,11
DA:132,11
DA:133,11
DA:134,11
DA:135,11
DA:136,11
DA:137,11
DA:138,11
DA:139,11
DA:140,11
DA:141,11
DA:149,1
DA:151,1
DA:152,1
DA:153,1
DA:154,1
DA:155,1
DA:156,1
DA:157,1
DA:158,1
DA:159,1
DA:160,1
DA:161,1
DA:162,1
DA:163,1
DA:164,1
DA:171,1
DA:173,1
DA:174,1
DA:176,1
DA:177,1
DA:178,1
DA:179,1
DA:180,1
DA:181,1
DA:182,1
DA:184,1
DA:185,1
DA:186,1
DA:187,1
DA:188,1
DA:191,1
DA:193,1
DA:195,1
DA:196,1
DA:197,1
DA:198,1
DA:200,1
DA:201,1
DA:202,1
DA:205,1
DA:206,1
DA:207,1
DA:209,1
DA:210,1
DA:213,1
DA:215,1
DA:216,1
DA:217,1
DA:219,1
DA:220,1
DA:221,1
DA:222,1
DA:223,1
DA:224,1
DA:227,1
DA:229,1
DA:231,1
DA:232,1
DA:233,1
DA:235,1
DA:236,1
DA:237,1
DA:238,1
DA:241,1
DA:243,1
DA:245,1
DA:246,1
DA:249,1
DA:250,1
DA:251,1
DA:252,1
DA:253,1
DA:256,1
DA:257,1
DA:258,1
DA:259,1
DA:262,1
DA:264,1
DA:265,1
DA:266,1
DA:269,1
DA:270,1
DA:273,1
DA:274,1
DA:275,1
DA:276,1
DA:279,1
DA:280,1
DA:281,1
DA:282,1
DA:285,1
DA:287,1
DA:290,1
DA:291,1
DA:292,1
DA:293,1
DA:296,1
DA:297,1
DA:298,1
DA:299,1
DA:300,1
DA:301,1
DA:304,1
DA:305,1
DA:306,1
DA:307,1
DA:308,1
DA:311,1
DA:313,1
DA:315,1
DA:316,1
DA:317,1
DA:318,1
DA:320,1
DA:321,1
DA:322,1
DA:323,1
DA:324,1
DA:325,1
DA:326,1
DA:329,1
DA:331,1
DA:333,1
DA:334,1
DA:335,1
DA:336,1
DA:337,1
DA:338,1
DA:339,1
DA:341,1
DA:342,1
DA:343,1
DA:344,1
DA:347,1
DA:348,1
DA:349,1
DA:350,1
DA:351,1
DA:352,1
DA:355,1
DA:357,1
DA:358,1
DA:359,1
DA:361,1
DA:362,1
DA:363,1
DA:364,1
DA:365,1
DA:366,1
DA:369,1
DA:371,1
DA:373,1
DA:374,1
DA:375,1
DA:376,1
DA:377,1
DA:380,1
DA:381,1
DA:382,1
DA:383,1
DA:385,1
DA:386,1
DA:387,1
DA:388,1
DA:389,1
DA:390,1
DA:392,1
DA:395,1
DA:397,1
DA:399,1
DA:400,1
DA:401,1
DA:402,1
DA:404,1
DA:405,1
DA:408,1
DA:410,1
DA:411,1
DA:412,1
DA:413,1
DA:414,1
DA:415,1
DA:416,1
DA:417,1
DA:420,1
DA:421,1
DA:422,1
DA:423,1
DA:428,1
DA:430,1
DA:432,1
DA:433,1
DA:434,1
DA:435,1
DA:436,1
DA:437,1
DA:438,1
DA:439,1
DA:440,1
DA:441,1
DA:442,1
DA:443,1
DA:444,1
DA:446,1
DA:447,1
LF:250
LH:250
end_of_record
